<?xml version="1.0" encoding="UTF-8"?>
<!-- Generated by org.testng.reporters.JUnitReportReporter -->
<testsuite skipped="0" hostname="LAPTOP-0P8VJD4R" name="demo.CarLoan" tests="3" failures="0" timestamp="2020-04-02T13:15:34 IST" time="0.021" errors="0">
  <testcase name="restAPICarLoan" time="0.014" classname="demo.CarLoan"/>
  <testcase name="webLoginCarLoan" time="0.004" classname="demo.CarLoan"/>
  <testcase name="mobileLoginCarLoan" time="0.003" classname="demo.CarLoan"/>
</testsuite> <!-- demo.CarLoan -->
