<?xml version="1.0" encoding="UTF-8"?>
<!-- Generated by org.testng.reporters.JUnitReportReporter -->
<testsuite skipped="0" hostname="LAPTOP-0P8VJD4R" name="demo.DemoClass2" tests="1" failures="0" timestamp="2020-04-02T13:15:34 IST" time="0.006" errors="0">
  <testcase name="show" time="0.006" classname="demo.DemoClass2"/>
</testsuite> <!-- demo.DemoClass2 -->
