<?xml version="1.0" encoding="UTF-8"?>
<!-- Generated by org.testng.reporters.JUnitReportReporter -->
<testsuite skipped="0" hostname="LAPTOP-0P8VJD4R" name="demo.Demo" tests="2" failures="0" timestamp="2020-04-02T13:15:34 IST" time="0.030" errors="0">
  <testcase name="demo" time="0.026" classname="demo.Demo"/>
  <testcase name="secondTest" time="0.004" classname="demo.Demo"/>
</testsuite> <!-- demo.Demo -->
