<?xml version="1.0" encoding="UTF-8"?>
<!-- Generated by org.testng.reporters.JUnitReportReporter -->
<testsuite skipped="0" hostname="LAPTOP-0P8VJD4R" name="demo.HomeLoan" tests="3" failures="0" timestamp="2020-04-02T13:15:34 IST" time="0.009" errors="0">
  <testcase name="webLoginHomeLoan" time="0.002" classname="demo.HomeLoan"/>
  <testcase name="mobileLoginHomeLoan" time="0.005" classname="demo.HomeLoan"/>
  <testcase name="restAPIHomeLoan" time="0.002" classname="demo.HomeLoan"/>
</testsuite> <!-- demo.HomeLoan -->
